yarn run v1.22.22
$ vite build
The `define` option contains an object with "PATH" for "process.env" key. It looks like you may have passed the entire `process.env` object to `define`, which can unintentionally expose all environment variables. This poses a security risk and is discouraged.
vite v6.3.5 building for production...
transforming...
✓ 1785 modules transformed.
No name was provided for external module "~icons/lucide/check" in "output.globals" – guessing "LucideCheck".
No name was provided for external module "~icons/lucide/x" in "output.globals" – guessing "LucideX".
No name was provided for external module "~icons/lucide/move-diagonal-2" in "output.globals" – guessing "LucideMoveDiagonal2".
No name was provided for external module "~icons/lucide/align-left" in "output.globals" – guessing "LucideAlignLeft".
No name was provided for external module "~icons/lucide/align-center" in "output.globals" – guessing "LucideAlignCenter".
No name was provided for external module "~icons/lucide/align-right" in "output.globals" – guessing "LucideAlignRight".
No name was provided for external module "~icons/lucide/heading-2" in "output.globals" – guessing "Heading2".
No name was provided for external module "~icons/lucide/heading-3" in "output.globals" – guessing "Heading3".
No name was provided for external module "~icons/lucide/list" in "output.globals" – guessing "List".
No name was provided for external module "~icons/lucide/list-ordered" in "output.globals" – guessing "ListOrdered$1".
No name was provided for external module "~icons/lucide/code" in "output.globals" – guessing "Code$1".
No name was provided for external module "~icons/lucide/quote" in "output.globals" – guessing "Quote".
No name was provided for external module "~icons/lucide/image" in "output.globals" – guessing "Image$2".
No name was provided for external module "~icons/lucide/video" in "output.globals" – guessing "Video$1".
No name was provided for external module "~icons/lucide/link" in "output.globals" – guessing "Link$3".
No name was provided for external module "~icons/lucide/minus" in "output.globals" – guessing "Minus".
No name was provided for external module "~icons/lucide/table-2" in "output.globals" – guessing "Table$2".
No name was provided for external module "~icons/lucide/download" in "output.globals" – guessing "LucideDownload".
No name was provided for external module "~icons/lucide/maximize" in "output.globals" – guessing "LucideMaximize".
No name was provided for external module "~icons/lucide/minimize" in "output.globals" – guessing "LucideMinimize".
No name was provided for external module "~icons/lucide/chevron-left" in "output.globals" – guessing "LucideChevronLeft".
No name was provided for external module "~icons/lucide/chevron-right" in "output.globals" – guessing "LucideChevronRight".
No name was provided for external module "~icons/lucide/plus" in "output.globals" – guessing "LucidePlus".
rendering chunks...
computing gzip size...
frappe_editor/public/dist/frappe-editor.css       129.66 kB │ gzip:  18.80 kB
frappe_editor/public/dist/frappe-editor.umd.js  2,282.50 kB │ gzip: 737.09 kB
✓ built in 8.09s
Done in 8.41s.
